# JRE version: OpenJDK Runtime Environment AdoptOpenJDK (11.0.9.1+1) (build 11.0.9.1+1)
# Java VM: OpenJDK 64-Bit Server VM AdoptOpenJDK (11.0.9.1+1, mixed mode, tiered, compressed oops, g1 gc, windows-amd64)
Heap:
 garbage-first heap   total 644096K, used 238579K [0x00000000a0000000, 0x0000000100000000)
  region size 1024K, 4 young (4096K), 4 survivors (4096K)
 Metaspace       used 137232K, capacity 140641K, committed 140876K, reserved 1171456K
  class space    used 17113K, capacity 18457K, committed 18560K, reserved 1048576K
GC Heap History (20 events):
Event: 52.362 GC heap after
{Heap after GC invocations=96 (full 0):
 garbage-first heap   total 415744K, used 342542K [0x00000000a0000000, 0x0000000100000000)
  region size 1024K, 4 young (4096K), 4 survivors (4096K)
 Metaspace       used 137080K, capacity 140475K, committed 140620K, reserved 1171456K
  class space    used 17106K, capacity 18451K, committed 18560K, reserved 1048576K
}
Event: 52.394 GC heap before
{Heap before GC invocations=96 (full 0):
 garbage-first heap   total 415744K, used 360974K [0x00000000a0000000, 0x0000000100000000)
  region size 1024K, 22 young (22528K), 4 survivors (4096K)
 Metaspace       used 137080K, capacity 140475K, committed 140620K, reserved 1171456K
  class space    used 17106K, capacity 18451K, committed 18560K, reserved 1048576K
}
Event: 52.401 GC heap after
{Heap after GC invocations=97 (full 0):
 garbage-first heap   total 415744K, used 347499K [0x00000000a0000000, 0x0000000100000000)
  region size 1024K, 3 young (3072K), 3 survivors (3072K)
 Metaspace       used 137080K, capacity 140475K, committed 140620K, reserved 1171456K
  class space    used 17106K, capacity 18451K, committed 18560K, reserved 1048576K
}
Event: 52.430 GC heap before
{Heap before GC invocations=97 (full 0):
 garbage-first heap   total 415744K, used 364907K [0x00000000a0000000, 0x0000000100000000)
  region size 1024K, 20 young (20480K), 3 survivors (3072K)
 Metaspace       used 137081K, capacity 140475K, committed 140620K, reserved 1171456K
  class space    used 17106K, capacity 18451K, committed 18560K, reserved 1048576K
}
Event: 52.437 GC heap after
{Heap after GC invocations=98 (full 0):
 garbage-first heap   total 415744K, used 355328K [0x00000000a0000000, 0x0000000100000000)
  region size 1024K, 3 young (3072K), 3 survivors (3072K)
 Metaspace       used 137081K, capacity 140475K, committed 140620K, reserved 1171456K
  class space    used 17106K, capacity 18451K, committed 18560K, reserved 1048576K
}
Event: 52.484 GC heap before
{Heap before GC invocations=98 (full 0):
 garbage-first heap   total 415744K, used 372736K [0x00000000a0000000, 0x0000000100000000)
  region size 1024K, 20 young (20480K), 3 survivors (3072K)
 Metaspace       used 137130K, capacity 140539K, committed 140876K, reserved 1171456K
  class space    used 17107K, capacity 18451K, committed 18560K, reserved 1048576K
}
Event: 52.490 GC heap after
{Heap after GC invocations=99 (full 0):
 garbage-first heap   total 415744K, used 359424K [0x00000000a0000000, 0x0000000100000000)
  region size 1024K, 3 young (3072K), 3 survivors (3072K)
 Metaspace       used 137130K, capacity 140539K, committed 140876K, reserved 1171456K
  class space    used 17107K, capacity 18451K, committed 18560K, reserved 1048576K
}
Event: 52.600 GC heap before
{Heap before GC invocations=99 (full 0):
 garbage-first heap   total 415744K, used 376832K [0x00000000a0000000, 0x0000000100000000)
  region size 1024K, 20 young (20480K), 3 survivors (3072K)
 Metaspace       used 137165K, capacity 140541K, committed 140876K, reserved 1171456K
  class space    used 17107K, capacity 18451K, committed 18560K, reserved 1048576K
}
Event: 52.605 GC heap after
{Heap after GC invocations=100 (full 0):
 garbage-first heap   total 468992K, used 360993K [0x00000000a0000000, 0x0000000100000000)
  region size 1024K, 2 young (2048K), 2 survivors (2048K)
 Metaspace       used 137165K, capacity 140541K, committed 140876K, reserved 1171456K
  class space    used 17107K, capacity 18451K, committed 18560K, reserved 1048576K
}
Event: 52.860 GC heap before
{Heap before GC invocations=100 (full 0):
 garbage-first heap   total 468992K, used 347681K [0x00000000a0000000, 0x0000000100000000)
  region size 1024K, 28 young (28672K), 2 survivors (2048K)
 Metaspace       used 137180K, capacity 140607K, committed 140876K, reserved 1171456K
  class space    used 17107K, capacity 18451K, committed 18560K, reserved 1048576K
}
Event: 52.866 GC heap after
{Heap after GC invocations=101 (full 0):
 garbage-first heap   total 468992K, used 321132K [0x00000000a0000000, 0x0000000100000000)
  region size 1024K, 2 young (2048K), 2 survivors (2048K)
 Metaspace       used 137180K, capacity 140607K, committed 140876K, reserved 1171456K
  class space    used 17107K, capacity 18451K, committed 18560K, reserved 1048576K
}
Event: 53.158 GC heap before
{Heap before GC invocations=102 (full 0):
 garbage-first heap   total 468992K, used 363116K [0x00000000a0000000, 0x0000000100000000)
  region size 1024K, 43 young (44032K), 2 survivors (2048K)
 Metaspace       used 137228K, capacity 140640K, committed 140876K, reserved 1171456K
  class space    used 17113K, capacity 18457K, committed 18560K, reserved 1048576K
}
Event: 53.164 GC heap after
{Heap after GC invocations=103 (full 0):
 garbage-first heap   total 468992K, used 321850K [0x00000000a0000000, 0x0000000100000000)
  region size 1024K, 2 young (2048K), 2 survivors (2048K)
 Metaspace       used 137228K, capacity 140640K, committed 140876K, reserved 1171456K
  class space    used 17113K, capacity 18457K, committed 18560K, reserved 1048576K
}
Event: 53.267 GC heap before
{Heap before GC invocations=103 (full 0):
 garbage-first heap   total 468992K, used 342330K [0x00000000a0000000, 0x0000000100000000)
  region size 1024K, 22 young (22528K), 2 survivors (2048K)
 Metaspace       used 137228K, capacity 140640K, committed 140876K, reserved 1171456K
  class space    used 17113K, capacity 18457K, committed 18560K, reserved 1048576K
}
Event: 53.274 GC heap after
{Heap after GC invocations=104 (full 0):
 garbage-first heap   total 468992K, used 277633K [0x00000000a0000000, 0x0000000100000000)
  region size 1024K, 2 young (2048K), 2 survivors (2048K)
 Metaspace       used 137228K, capacity 140640K, committed 140876K, reserved 1171456K
  class space    used 17113K, capacity 18457K, committed 18560K, reserved 1048576K
}
Event: 53.387 GC heap before
{Heap before GC invocations=104 (full 0):
 garbage-first heap   total 468992K, used 297089K [0x00000000a0000000, 0x0000000100000000)
  region size 1024K, 22 young (22528K), 2 survivors (2048K)
 Metaspace       used 137228K, capacity 140641K, committed 140876K, reserved 1171456K
  class space    used 17113K, capacity 18457K, committed 18560K, reserved 1048576K
}
Event: 53.405 GC heap after
{Heap after GC invocations=105 (full 0):
 garbage-first heap   total 468992K, used 246209K [0x00000000a0000000, 0x0000000100000000)
  region size 1024K, 2 young (2048K), 2 survivors (2048K)
 Metaspace       used 137228K, capacity 140641K, committed 140876K, reserved 1171456K
  class space    used 17113K, capacity 18457K, committed 18560K, reserved 1048576K
}
Event: 53.520 GC heap before
{Heap before GC invocations=105 (full 0):
 garbage-first heap   total 468992K, used 266689K [0x00000000a0000000, 0x0000000100000000)
  region size 1024K, 22 young (22528K), 2 survivors (2048K)
 Metaspace       used 137230K, capacity 140641K, committed 140876K, reserved 1171456K
  class space    used 17113K, capacity 18457K, committed 18560K, reserved 1048576K
}
Event: 53.541 GC heap after
{Heap after GC invocations=106 (full 0):
 garbage-first heap   total 468992K, used 236930K [0x00000000a0000000, 0x0000000100000000)
  region size 1024K, 2 young (2048K), 2 survivors (2048K)
 Metaspace       used 137230K, capacity 140641K, committed 140876K, reserved 1171456K
  class space    used 17113K, capacity 18457K, committed 18560K, reserved 1048576K
}
Event: 53.824 GC heap before
{Heap before GC invocations=106 (full 0):
 garbage-first heap   total 468992K, used 314754K [0x00000000a0000000, 0x0000000100000000)
  region size 1024K, 78 young (79872K), 2 survivors (2048K)
 Metaspace       used 137232K, capacity 140641K, committed 140876K, reserved 1171456K
  class space    used 17113K, capacity 18457K, committed 18560K, reserved 1048576K
}

