# JRE version: OpenJDK Runtime Environment (11.0.10) (build 11.0.10+0-b96-7249189)
# Java VM: OpenJDK 64-Bit Server VM (11.0.10+0-b96-7249189, mixed mode, tiered, compressed oops, g1 gc, windows-amd64)
Heap:
 garbage-first heap   total 262144K, used 123303K [0x0000000080000000, 0x0000000100000000)
  region size 1024K, 38 young (38912K), 5 survivors (5120K)
 Metaspace       used 96720K, capacity 99164K, committed 99328K, reserved 1134592K
  class space    used 12256K, capacity 13204K, committed 13312K, reserved 1048576K
GC Heap History (20 events):
Event: 6.374 GC heap before
{Heap before GC invocations=9 (full 0):
 garbage-first heap   total 262144K, used 161258K [0x0000000080000000, 0x0000000100000000)
  region size 1024K, 139 young (142336K), 7 survivors (7168K)
 Metaspace       used 45586K, capacity 46624K, committed 46720K, reserved 1089536K
  class space    used 5861K, capacity 6269K, committed 6272K, reserved 1048576K
}
Event: 6.387 GC heap after
{Heap after GC invocations=10 (full 0):
 garbage-first heap   total 262144K, used 30879K [0x0000000080000000, 0x0000000100000000)
  region size 1024K, 15 young (15360K), 15 survivors (15360K)
 Metaspace       used 45586K, capacity 46624K, committed 46720K, reserved 1089536K
  class space    used 5861K, capacity 6269K, committed 6272K, reserved 1048576K
}
Event: 8.421 GC heap before
{Heap before GC invocations=10 (full 0):
 garbage-first heap   total 262144K, used 179359K [0x0000000080000000, 0x0000000100000000)
  region size 1024K, 153 young (156672K), 15 survivors (15360K)
 Metaspace       used 58240K, capacity 59799K, committed 60032K, reserved 1101824K
  class space    used 7411K, capacity 7998K, committed 8064K, reserved 1048576K
}
Event: 8.440 GC heap after
{Heap after GC invocations=11 (full 0):
 garbage-first heap   total 262144K, used 50483K [0x0000000080000000, 0x0000000100000000)
  region size 1024K, 20 young (20480K), 20 survivors (20480K)
 Metaspace       used 58240K, capacity 59799K, committed 60032K, reserved 1101824K
  class space    used 7411K, capacity 7998K, committed 8064K, reserved 1048576K
}
Event: 8.454 GC heap before
{Heap before GC invocations=11 (full 0):
 garbage-first heap   total 262144K, used 50483K [0x0000000080000000, 0x0000000100000000)
  region size 1024K, 21 young (21504K), 20 survivors (20480K)
 Metaspace       used 58523K, capacity 60055K, committed 60160K, reserved 1101824K
  class space    used 7430K, capacity 7998K, committed 8064K, reserved 1048576K
}
Event: 8.472 GC heap after
{Heap after GC invocations=12 (full 0):
 garbage-first heap   total 262144K, used 52224K [0x0000000080000000, 0x0000000100000000)
  region size 1024K, 2 young (2048K), 2 survivors (2048K)
 Metaspace       used 58523K, capacity 60055K, committed 60160K, reserved 1101824K
  class space    used 7430K, capacity 7998K, committed 8064K, reserved 1048576K
}
Event: 10.833 GC heap before
{Heap before GC invocations=13 (full 0):
 garbage-first heap   total 262144K, used 204800K [0x0000000080000000, 0x0000000100000000)
  region size 1024K, 151 young (154624K), 2 survivors (2048K)
 Metaspace       used 72106K, capacity 73792K, committed 73984K, reserved 1114112K
  class space    used 9305K, capacity 9929K, committed 9984K, reserved 1048576K
}
Event: 10.848 GC heap after
{Heap after GC invocations=14 (full 0):
 garbage-first heap   total 262144K, used 61440K [0x0000000080000000, 0x0000000100000000)
  region size 1024K, 11 young (11264K), 11 survivors (11264K)
 Metaspace       used 72106K, capacity 73792K, committed 73984K, reserved 1114112K
  class space    used 9305K, capacity 9929K, committed 9984K, reserved 1048576K
}
Event: 13.220 GC heap before
{Heap before GC invocations=14 (full 0):
 garbage-first heap   total 262144K, used 204800K [0x0000000080000000, 0x0000000100000000)
  region size 1024K, 152 young (155648K), 11 survivors (11264K)
 Metaspace       used 82093K, capacity 84156K, committed 84224K, reserved 1122304K
  class space    used 10695K, capacity 11474K, committed 11520K, reserved 1048576K
}
Event: 13.238 GC heap after
{Heap after GC invocations=15 (full 0):
 garbage-first heap   total 262144K, used 70656K [0x0000000080000000, 0x0000000100000000)
  region size 1024K, 9 young (9216K), 9 survivors (9216K)
 Metaspace       used 82093K, capacity 84156K, committed 84224K, reserved 1122304K
  class space    used 10695K, capacity 11474K, committed 11520K, reserved 1048576K
}
Event: 847.966 GC heap before
{Heap before GC invocations=15 (full 0):
 garbage-first heap   total 262144K, used 207872K [0x0000000080000000, 0x0000000100000000)
  region size 1024K, 143 young (146432K), 9 survivors (9216K)
 Metaspace       used 89490K, capacity 91711K, committed 91776K, reserved 1128448K
  class space    used 11578K, capacity 12408K, committed 12416K, reserved 1048576K
}
Event: 847.982 GC heap after
{Heap after GC invocations=16 (full 0):
 garbage-first heap   total 262144K, used 76800K [0x0000000080000000, 0x0000000100000000)
  region size 1024K, 15 young (15360K), 15 survivors (15360K)
 Metaspace       used 89490K, capacity 91711K, committed 91776K, reserved 1128448K
  class space    used 11578K, capacity 12408K, committed 12416K, reserved 1048576K
}
Event: 851.987 GC heap before
{Heap before GC invocations=16 (full 0):
 garbage-first heap   total 262144K, used 209920K [0x0000000080000000, 0x0000000100000000)
  region size 1024K, 146 young (149504K), 15 survivors (15360K)
 Metaspace       used 93712K, capacity 96045K, committed 96384K, reserved 1132544K
  class space    used 11942K, capacity 12817K, committed 12928K, reserved 1048576K
}
Event: 852.010 GC heap after
{Heap after GC invocations=17 (full 0):
 garbage-first heap   total 262144K, used 87902K [0x0000000080000000, 0x0000000100000000)
  region size 1024K, 18 young (18432K), 18 survivors (18432K)
 Metaspace       used 93712K, capacity 96045K, committed 96384K, reserved 1132544K
  class space    used 11942K, capacity 12817K, committed 12928K, reserved 1048576K
}
Event: 852.534 GC heap before
{Heap before GC invocations=17 (full 0):
 garbage-first heap   total 262144K, used 135006K [0x0000000080000000, 0x0000000100000000)
  region size 1024K, 30 young (30720K), 18 survivors (18432K)
 Metaspace       used 94927K, capacity 97339K, committed 97536K, reserved 1134592K
  class space    used 12101K, capacity 13005K, committed 13056K, reserved 1048576K
}
Event: 852.557 GC heap after
{Heap after GC invocations=18 (full 0):
 garbage-first heap   total 262144K, used 123216K [0x0000000080000000, 0x0000000100000000)
  region size 1024K, 2 young (2048K), 2 survivors (2048K)
 Metaspace       used 94927K, capacity 97339K, committed 97536K, reserved 1134592K
  class space    used 12101K, capacity 13005K, committed 13056K, reserved 1048576K
}
Event: 853.158 GC heap before
{Heap before GC invocations=19 (full 0):
 garbage-first heap   total 262144K, used 159056K [0x0000000080000000, 0x0000000100000000)
  region size 1024K, 5 young (5120K), 2 survivors (2048K)
 Metaspace       used 95021K, capacity 97389K, committed 97536K, reserved 1134592K
  class space    used 12115K, capacity 13021K, committed 13056K, reserved 1048576K
}
Event: 853.162 GC heap after
{Heap after GC invocations=20 (full 0):
 garbage-first heap   total 262144K, used 88432K [0x0000000080000000, 0x0000000100000000)
  region size 1024K, 2 young (2048K), 2 survivors (2048K)
 Metaspace       used 95021K, capacity 97389K, committed 97536K, reserved 1134592K
  class space    used 12115K, capacity 13021K, committed 13056K, reserved 1048576K
}
Event: 888.930 GC heap before
{Heap before GC invocations=21 (full 0):
 garbage-first heap   total 262144K, used 208240K [0x0000000080000000, 0x0000000100000000)
  region size 1024K, 99 young (101376K), 2 survivors (2048K)
 Metaspace       used 96343K, capacity 98781K, committed 98944K, reserved 1134592K
  class space    used 12229K, capacity 13179K, committed 13184K, reserved 1048576K
}
Event: 888.936 GC heap after
{Heap after GC invocations=22 (full 0):
 garbage-first heap   total 262144K, used 91559K [0x0000000080000000, 0x0000000100000000)
  region size 1024K, 5 young (5120K), 5 survivors (5120K)
 Metaspace       used 96343K, capacity 98781K, committed 98944K, reserved 1134592K
  class space    used 12229K, capacity 13179K, committed 13184K, reserved 1048576K
}

